c:\c_basic\ch14_pointer2\debug\vc142.pdb
c:\c_basic\ch14_pointer2\debug\vc142.idb
c:\c_basic\ch14_pointer2\debug\pointer3.obj
c:\c_basic\ch14_pointer2\debug\array7.obj
c:\c_basic\ch14_pointer2\debug\pointer4.obj
c:\c_basic\ch14_pointer2\debug\pointer5.obj
c:\c_basic\ch14_pointer2\debug\pointer6.obj
c:\c_basic\ch14_pointer2\debug\main_arg1.obj
c:\c_basic\ch14_pointer2\debug\pointer1.obj
c:\c_basic\ch14_pointer2\debug\pointer2.obj
c:\c_basic\ch14_pointer2\debug\input.checkpoint.obj
c:\c_basic\ch14_pointer2\debug\str_check.obj
c:\c_basic\ch14_pointer2\debug\pointer7.obj
c:\c_basic\ch14_pointer2\debug\cast1.obj
c:\c_basic\ch14_pointer2\debug\void_pointer.obj
c:\c_basic\ch14_pointer2\debug\dataswap.obj
c:\c_basic\ch14_pointer2\debug\function pointer_1.obj
c:\c_basic\ch14_pointer2\debug\function_pointer2.obj
c:\c_basic\ch14_pointer2\debug\ch14_pointer2.exe
c:\c_basic\ch14_pointer2\debug\ch14_pointer2.ilk
c:\c_basic\ch14_pointer2\debug\ch14_pointer2.pdb
c:\c_basic\ch14_pointer2\debug\ch14_pointer2.tlog\cl.command.1.tlog
c:\c_basic\ch14_pointer2\debug\ch14_pointer2.tlog\cl.read.1.tlog
c:\c_basic\ch14_pointer2\debug\ch14_pointer2.tlog\cl.write.1.tlog
c:\c_basic\ch14_pointer2\debug\ch14_pointer2.tlog\link.command.1.tlog
c:\c_basic\ch14_pointer2\debug\ch14_pointer2.tlog\link.read.1.tlog
c:\c_basic\ch14_pointer2\debug\ch14_pointer2.tlog\link.write.1.tlog
